<?xml version="1.0" encoding="UTF-8"?>
<testsuite xmlns:xsi="http://www.w3.org/2001/XMLSchema-instance" xsi:noNamespaceSchemaLocation="https://maven.apache.org/surefire/maven-surefire-plugin/xsd/surefire-test-report.xsd" name="hello.storage.FileSystemStorageServiceTests" time="0.006" tests="4" errors="0" skipped="0" failures="0">
  <properties>
    <property name="sun.desktop" value="gnome"/>
    <property name="awt.toolkit" value="sun.awt.X11.XToolkit"/>
    <property name="file.encoding.pkg" value="sun.io"/>
    <property name="java.specification.version" value="1.8"/>
    <property name="sun.cpu.isalist" value=""/>
    <property name="sun.jnu.encoding" value="UTF-8"/>
    <property name="java.class.path" value="/home/dariusz/Projekty/java/gs-uploading-files/complete/target/test-classes:/home/dariusz/Projekty/java/gs-uploading-files/complete/target/classes:/home/dariusz/.m2/repository/org/springframework/boot/spring-boot-starter-web/2.0.2.RELEASE/spring-boot-starter-web-2.0.2.RELEASE.jar:/home/dariusz/.m2/repository/org/springframework/boot/spring-boot-starter/2.0.2.RELEASE/spring-boot-starter-2.0.2.RELEASE.jar:/home/dariusz/.m2/repository/org/springframework/boot/spring-boot/2.0.2.RELEASE/spring-boot-2.0.2.RELEASE.jar:/home/dariusz/.m2/repository/org/springframework/boot/spring-boot-autoconfigure/2.0.2.RELEASE/spring-boot-autoconfigure-2.0.2.RELEASE.jar:/home/dariusz/.m2/repository/org/springframework/boot/spring-boot-starter-logging/2.0.2.RELEASE/spring-boot-starter-logging-2.0.2.RELEASE.jar:/home/dariusz/.m2/repository/ch/qos/logback/logback-classic/1.2.3/logback-classic-1.2.3.jar:/home/dariusz/.m2/repository/ch/qos/logback/logback-core/1.2.3/logback-core-1.2.3.jar:/home/dariusz/.m2/repository/org/apache/logging/log4j/log4j-to-slf4j/2.10.0/log4j-to-slf4j-2.10.0.jar:/home/dariusz/.m2/repository/org/apache/logging/log4j/log4j-api/2.10.0/log4j-api-2.10.0.jar:/home/dariusz/.m2/repository/org/slf4j/jul-to-slf4j/1.7.25/jul-to-slf4j-1.7.25.jar:/home/dariusz/.m2/repository/javax/annotation/javax.annotation-api/1.3.2/javax.annotation-api-1.3.2.jar:/home/dariusz/.m2/repository/org/yaml/snakeyaml/1.19/snakeyaml-1.19.jar:/home/dariusz/.m2/repository/org/springframework/boot/spring-boot-starter-json/2.0.2.RELEASE/spring-boot-starter-json-2.0.2.RELEASE.jar:/home/dariusz/.m2/repository/com/fasterxml/jackson/core/jackson-databind/2.9.5/jackson-databind-2.9.5.jar:/home/dariusz/.m2/repository/com/fasterxml/jackson/core/jackson-annotations/2.9.0/jackson-annotations-2.9.0.jar:/home/dariusz/.m2/repository/com/fasterxml/jackson/core/jackson-core/2.9.5/jackson-core-2.9.5.jar:/home/dariusz/.m2/repository/com/fasterxml/jackson/datatype/jackson-datatype-jdk8/2.9.5/jackson-datatype-jdk8-2.9.5.jar:/home/dariusz/.m2/repository/com/fasterxml/jackson/datatype/jackson-datatype-jsr310/2.9.5/jackson-datatype-jsr310-2.9.5.jar:/home/dariusz/.m2/repository/com/fasterxml/jackson/module/jackson-module-parameter-names/2.9.5/jackson-module-parameter-names-2.9.5.jar:/home/dariusz/.m2/repository/org/springframework/boot/spring-boot-starter-tomcat/2.0.2.RELEASE/spring-boot-starter-tomcat-2.0.2.RELEASE.jar:/home/dariusz/.m2/repository/org/apache/tomcat/embed/tomcat-embed-core/8.5.31/tomcat-embed-core-8.5.31.jar:/home/dariusz/.m2/repository/org/apache/tomcat/embed/tomcat-embed-el/8.5.31/tomcat-embed-el-8.5.31.jar:/home/dariusz/.m2/repository/org/apache/tomcat/embed/tomcat-embed-websocket/8.5.31/tomcat-embed-websocket-8.5.31.jar:/home/dariusz/.m2/repository/org/hibernate/validator/hibernate-validator/6.0.9.Final/hibernate-validator-6.0.9.Final.jar:/home/dariusz/.m2/repository/javax/validation/validation-api/2.0.1.Final/validation-api-2.0.1.Final.jar:/home/dariusz/.m2/repository/org/jboss/logging/jboss-logging/3.3.2.Final/jboss-logging-3.3.2.Final.jar:/home/dariusz/.m2/repository/com/fasterxml/classmate/1.3.4/classmate-1.3.4.jar:/home/dariusz/.m2/repository/org/springframework/spring-web/5.0.6.RELEASE/spring-web-5.0.6.RELEASE.jar:/home/dariusz/.m2/repository/org/springframework/spring-beans/5.0.6.RELEASE/spring-beans-5.0.6.RELEASE.jar:/home/dariusz/.m2/repository/org/springframework/spring-webmvc/5.0.6.RELEASE/spring-webmvc-5.0.6.RELEASE.jar:/home/dariusz/.m2/repository/org/springframework/spring-aop/5.0.6.RELEASE/spring-aop-5.0.6.RELEASE.jar:/home/dariusz/.m2/repository/org/springframework/spring-context/5.0.6.RELEASE/spring-context-5.0.6.RELEASE.jar:/home/dariusz/.m2/repository/org/springframework/spring-expression/5.0.6.RELEASE/spring-expression-5.0.6.RELEASE.jar:/home/dariusz/.m2/repository/org/springframework/boot/spring-boot-starter-thymeleaf/2.0.2.RELEASE/spring-boot-starter-thymeleaf-2.0.2.RELEASE.jar:/home/dariusz/.m2/repository/org/thymeleaf/thymeleaf-spring5/3.0.9.RELEASE/thymeleaf-spring5-3.0.9.RELEASE.jar:/home/dariusz/.m2/repository/org/thymeleaf/thymeleaf/3.0.9.RELEASE/thymeleaf-3.0.9.RELEASE.jar:/home/dariusz/.m2/repository/org/attoparser/attoparser/2.0.4.RELEASE/attoparser-2.0.4.RELEASE.jar:/home/dariusz/.m2/repository/org/unbescape/unbescape/1.1.5.RELEASE/unbescape-1.1.5.RELEASE.jar:/home/dariusz/.m2/repository/org/slf4j/slf4j-api/1.7.25/slf4j-api-1.7.25.jar:/home/dariusz/.m2/repository/org/thymeleaf/extras/thymeleaf-extras-java8time/3.0.1.RELEASE/thymeleaf-extras-java8time-3.0.1.RELEASE.jar:/home/dariusz/.m2/repository/org/apache/tika/tika-core/1.10/tika-core-1.10.jar:/home/dariusz/.m2/repository/org/apache/tika/tika-parsers/1.10/tika-parsers-1.10.jar:/home/dariusz/.m2/repository/org/gagravarr/vorbis-java-tika/0.6/vorbis-java-tika-0.6.jar:/home/dariusz/.m2/repository/com/healthmarketscience/jackcess/jackcess/2.1.2/jackcess-2.1.2.jar:/home/dariusz/.m2/repository/commons-lang/commons-lang/2.6/commons-lang-2.6.jar:/home/dariusz/.m2/repository/commons-logging/commons-logging/1.1.3/commons-logging-1.1.3.jar:/home/dariusz/.m2/repository/com/healthmarketscience/jackcess/jackcess-encrypt/2.1.0/jackcess-encrypt-2.1.0.jar:/home/dariusz/.m2/repository/net/sourceforge/jmatio/jmatio/1.0/jmatio-1.0.jar:/home/dariusz/.m2/repository/org/apache/james/apache-mime4j-core/0.7.2/apache-mime4j-core-0.7.2.jar:/home/dariusz/.m2/repository/org/apache/james/apache-mime4j-dom/0.7.2/apache-mime4j-dom-0.7.2.jar:/home/dariusz/.m2/repository/org/apache/commons/commons-compress/1.9/commons-compress-1.9.jar:/home/dariusz/.m2/repository/org/tukaani/xz/1.5/xz-1.5.jar:/home/dariusz/.m2/repository/commons-codec/commons-codec/1.11/commons-codec-1.11.jar:/home/dariusz/.m2/repository/org/apache/pdfbox/pdfbox/1.8.10/pdfbox-1.8.10.jar:/home/dariusz/.m2/repository/org/apache/pdfbox/fontbox/1.8.10/fontbox-1.8.10.jar:/home/dariusz/.m2/repository/org/apache/pdfbox/jempbox/1.8.10/jempbox-1.8.10.jar:/home/dariusz/.m2/repository/org/bouncycastle/bcmail-jdk15on/1.52/bcmail-jdk15on-1.52.jar:/home/dariusz/.m2/repository/org/bouncycastle/bcpkix-jdk15on/1.52/bcpkix-jdk15on-1.52.jar:/home/dariusz/.m2/repository/org/bouncycastle/bcprov-jdk15on/1.52/bcprov-jdk15on-1.52.jar:/home/dariusz/.m2/repository/org/apache/poi/poi/3.13-beta1/poi-3.13-beta1.jar:/home/dariusz/.m2/repository/org/apache/poi/poi-scratchpad/3.13-beta1/poi-scratchpad-3.13-beta1.jar:/home/dariusz/.m2/repository/org/apache/poi/poi-ooxml/3.13-beta1/poi-ooxml-3.13-beta1.jar:/home/dariusz/.m2/repository/org/apache/poi/poi-ooxml-schemas/3.13-beta1/poi-ooxml-schemas-3.13-beta1.jar:/home/dariusz/.m2/repository/org/apache/xmlbeans/xmlbeans/2.6.0/xmlbeans-2.6.0.jar:/home/dariusz/.m2/repository/org/ccil/cowan/tagsoup/tagsoup/1.2.1/tagsoup-1.2.1.jar:/home/dariusz/.m2/repository/org/ow2/asm/asm-debug-all/4.1/asm-debug-all-4.1.jar:/home/dariusz/.m2/repository/com/googlecode/mp4parser/isoparser/1.0.2/isoparser-1.0.2.jar:/home/dariusz/.m2/repository/org/aspectj/aspectjrt/1.8.13/aspectjrt-1.8.13.jar:/home/dariusz/.m2/repository/com/drewnoakes/metadata-extractor/2.8.0/metadata-extractor-2.8.0.jar:/home/dariusz/.m2/repository/com/adobe/xmp/xmpcore/5.1.2/xmpcore-5.1.2.jar:/home/dariusz/.m2/repository/de/l3s/boilerpipe/boilerpipe/1.1.0/boilerpipe-1.1.0.jar:/home/dariusz/.m2/repository/rome/rome/1.0/rome-1.0.jar:/home/dariusz/.m2/repository/jdom/jdom/1.0/jdom-1.0.jar:/home/dariusz/.m2/repository/org/gagravarr/vorbis-java-core/0.6/vorbis-java-core-0.6.jar:/home/dariusz/.m2/repository/com/googlecode/juniversalchardet/juniversalchardet/1.0.3/juniversalchardet-1.0.3.jar:/home/dariusz/.m2/repository/org/codelibs/jhighlight/1.0.2/jhighlight-1.0.2.jar:/home/dariusz/.m2/repository/com/pff/java-libpst/0.8.1/java-libpst-0.8.1.jar:/home/dariusz/.m2/repository/com/github/junrar/junrar/0.7/junrar-0.7.jar:/home/dariusz/.m2/repository/commons-logging/commons-logging-api/1.1/commons-logging-api-1.1.jar:/home/dariusz/.m2/repository/org/apache/commons/commons-vfs2/2.0/commons-vfs2-2.0.jar:/home/dariusz/.m2/repository/org/apache/maven/scm/maven-scm-api/1.4/maven-scm-api-1.4.jar:/home/dariusz/.m2/repository/org/codehaus/plexus/plexus-utils/1.5.6/plexus-utils-1.5.6.jar:/home/dariusz/.m2/repository/org/apache/maven/scm/maven-scm-provider-svnexe/1.4/maven-scm-provider-svnexe-1.4.jar:/home/dariusz/.m2/repository/org/apache/maven/scm/maven-scm-provider-svn-commons/1.4/maven-scm-provider-svn-commons-1.4.jar:/home/dariusz/.m2/repository/regexp/regexp/1.3/regexp-1.3.jar:/home/dariusz/.m2/repository/org/apache/opennlp/opennlp-tools/1.5.3/opennlp-tools-1.5.3.jar:/home/dariusz/.m2/repository/org/apache/opennlp/opennlp-maxent/3.0.3/opennlp-maxent-3.0.3.jar:/home/dariusz/.m2/repository/net/sf/jwordnet/jwnl/1.3.3/jwnl-1.3.3.jar:/home/dariusz/.m2/repository/commons-io/commons-io/2.4/commons-io-2.4.jar:/home/dariusz/.m2/repository/org/apache/commons/commons-exec/1.3/commons-exec-1.3.jar:/home/dariusz/.m2/repository/com/googlecode/json-simple/json-simple/1.1.1/json-simple-1.1.1.jar:/home/dariusz/.m2/repository/edu/ucar/netcdf4/4.5.5/netcdf4-4.5.5.jar:/home/dariusz/.m2/repository/net/jcip/jcip-annotations/1.0/jcip-annotations-1.0.jar:/home/dariusz/.m2/repository/net/java/dev/jna/jna/4.5.1/jna-4.5.1.jar:/home/dariusz/.m2/repository/edu/ucar/grib/4.5.5/grib-4.5.5.jar:/home/dariusz/.m2/repository/com/google/protobuf/protobuf-java/2.5.0/protobuf-java-2.5.0.jar:/home/dariusz/.m2/repository/org/jdom/jdom2/2.0.6/jdom2-2.0.6.jar:/home/dariusz/.m2/repository/org/jsoup/jsoup/1.7.2/jsoup-1.7.2.jar:/home/dariusz/.m2/repository/edu/ucar/jj2000/5.2/jj2000-5.2.jar:/home/dariusz/.m2/repository/org/itadaki/bzip2/0.9.1/bzip2-0.9.1.jar:/home/dariusz/.m2/repository/edu/ucar/cdm/4.5.5/cdm-4.5.5.jar:/home/dariusz/.m2/repository/edu/ucar/udunits/4.5.5/udunits-4.5.5.jar:/home/dariusz/.m2/repository/org/apache/httpcomponents/httpcore/4.4.9/httpcore-4.4.9.jar:/home/dariusz/.m2/repository/joda-time/joda-time/2.9.9/joda-time-2.9.9.jar:/home/dariusz/.m2/repository/org/quartz-scheduler/quartz/2.3.0/quartz-2.3.0.jar:/home/dariusz/.m2/repository/com/mchange/mchange-commons-java/0.2.11/mchange-commons-java-0.2.11.jar:/home/dariusz/.m2/repository/net/sf/ehcache/ehcache-core/2.6.2/ehcache-core-2.6.2.jar:/home/dariusz/.m2/repository/com/beust/jcommander/1.35/jcommander-1.35.jar:/home/dariusz/.m2/repository/edu/ucar/httpservices/4.5.5/httpservices-4.5.5.jar:/home/dariusz/.m2/repository/org/apache/httpcomponents/httpclient/4.5.5/httpclient-4.5.5.jar:/home/dariusz/.m2/repository/org/apache/httpcomponents/httpmime/4.5.5/httpmime-4.5.5.jar:/home/dariusz/.m2/repository/com/google/guava/guava/11.0.2/guava-11.0.2.jar:/home/dariusz/.m2/repository/com/google/code/findbugs/jsr305/1.3.9/jsr305-1.3.9.jar:/home/dariusz/.m2/repository/org/apache/commons/commons-csv/1.0/commons-csv-1.0.jar:/home/dariusz/.m2/repository/org/apache/sis/core/sis-utility/0.5/sis-utility-0.5.jar:/home/dariusz/.m2/repository/org/apache/sis/storage/sis-netcdf/0.5/sis-netcdf-0.5.jar:/home/dariusz/.m2/repository/org/apache/sis/storage/sis-storage/0.5/sis-storage-0.5.jar:/home/dariusz/.m2/repository/org/apache/sis/core/sis-referencing/0.5/sis-referencing-0.5.jar:/home/dariusz/.m2/repository/org/apache/sis/core/sis-metadata/0.5/sis-metadata-0.5.jar:/home/dariusz/.m2/repository/org/opengis/geoapi/3.0.0/geoapi-3.0.0.jar:/home/dariusz/.m2/repository/javax/measure/jsr-275/0.9.3/jsr-275-0.9.3.jar:/home/dariusz/.m2/repository/org/springframework/boot/spring-boot-starter-data-jpa/2.0.2.RELEASE/spring-boot-starter-data-jpa-2.0.2.RELEASE.jar:/home/dariusz/.m2/repository/org/springframework/boot/spring-boot-starter-aop/2.0.2.RELEASE/spring-boot-starter-aop-2.0.2.RELEASE.jar:/home/dariusz/.m2/repository/org/aspectj/aspectjweaver/1.8.13/aspectjweaver-1.8.13.jar:/home/dariusz/.m2/repository/org/springframework/boot/spring-boot-starter-jdbc/2.0.2.RELEASE/spring-boot-starter-jdbc-2.0.2.RELEASE.jar:/home/dariusz/.m2/repository/com/zaxxer/HikariCP/2.7.9/HikariCP-2.7.9.jar:/home/dariusz/.m2/repository/org/springframework/spring-jdbc/5.0.6.RELEASE/spring-jdbc-5.0.6.RELEASE.jar:/home/dariusz/.m2/repository/org/hibernate/hibernate-core/5.2.17.Final/hibernate-core-5.2.17.Final.jar:/home/dariusz/.m2/repository/org/hibernate/javax/persistence/hibernate-jpa-2.1-api/1.0.0.Final/hibernate-jpa-2.1-api-1.0.0.Final.jar:/home/dariusz/.m2/repository/org/javassist/javassist/3.22.0-GA/javassist-3.22.0-GA.jar:/home/dariusz/.m2/repository/antlr/antlr/2.7.7/antlr-2.7.7.jar:/home/dariusz/.m2/repository/org/jboss/jandex/2.0.3.Final/jandex-2.0.3.Final.jar:/home/dariusz/.m2/repository/dom4j/dom4j/1.6.1/dom4j-1.6.1.jar:/home/dariusz/.m2/repository/org/hibernate/common/hibernate-commons-annotations/5.0.1.Final/hibernate-commons-annotations-5.0.1.Final.jar:/home/dariusz/.m2/repository/javax/transaction/javax.transaction-api/1.2/javax.transaction-api-1.2.jar:/home/dariusz/.m2/repository/org/springframework/data/spring-data-jpa/2.0.7.RELEASE/spring-data-jpa-2.0.7.RELEASE.jar:/home/dariusz/.m2/repository/org/springframework/data/spring-data-commons/2.0.7.RELEASE/spring-data-commons-2.0.7.RELEASE.jar:/home/dariusz/.m2/repository/org/springframework/spring-orm/5.0.6.RELEASE/spring-orm-5.0.6.RELEASE.jar:/home/dariusz/.m2/repository/org/springframework/spring-tx/5.0.6.RELEASE/spring-tx-5.0.6.RELEASE.jar:/home/dariusz/.m2/repository/org/springframework/spring-aspects/5.0.6.RELEASE/spring-aspects-5.0.6.RELEASE.jar:/home/dariusz/.m2/repository/mysql/mysql-connector-java/5.1.46/mysql-connector-java-5.1.46.jar:/home/dariusz/.m2/repository/org/springframework/boot/spring-boot-starter-test/2.0.2.RELEASE/spring-boot-starter-test-2.0.2.RELEASE.jar:/home/dariusz/.m2/repository/org/springframework/boot/spring-boot-test/2.0.2.RELEASE/spring-boot-test-2.0.2.RELEASE.jar:/home/dariusz/.m2/repository/org/springframework/boot/spring-boot-test-autoconfigure/2.0.2.RELEASE/spring-boot-test-autoconfigure-2.0.2.RELEASE.jar:/home/dariusz/.m2/repository/com/jayway/jsonpath/json-path/2.4.0/json-path-2.4.0.jar:/home/dariusz/.m2/repository/net/minidev/json-smart/2.3/json-smart-2.3.jar:/home/dariusz/.m2/repository/net/minidev/accessors-smart/1.2/accessors-smart-1.2.jar:/home/dariusz/.m2/repository/org/ow2/asm/asm/5.0.4/asm-5.0.4.jar:/home/dariusz/.m2/repository/junit/junit/4.12/junit-4.12.jar:/home/dariusz/.m2/repository/org/assertj/assertj-core/3.9.1/assertj-core-3.9.1.jar:/home/dariusz/.m2/repository/org/mockito/mockito-core/2.15.0/mockito-core-2.15.0.jar:/home/dariusz/.m2/repository/net/bytebuddy/byte-buddy/1.7.11/byte-buddy-1.7.11.jar:/home/dariusz/.m2/repository/net/bytebuddy/byte-buddy-agent/1.7.11/byte-buddy-agent-1.7.11.jar:/home/dariusz/.m2/repository/org/objenesis/objenesis/2.6/objenesis-2.6.jar:/home/dariusz/.m2/repository/org/hamcrest/hamcrest-core/1.3/hamcrest-core-1.3.jar:/home/dariusz/.m2/repository/org/hamcrest/hamcrest-library/1.3/hamcrest-library-1.3.jar:/home/dariusz/.m2/repository/org/skyscreamer/jsonassert/1.5.0/jsonassert-1.5.0.jar:/home/dariusz/.m2/repository/com/vaadin/external/google/android-json/0.0.20131108.vaadin1/android-json-0.0.20131108.vaadin1.jar:/home/dariusz/.m2/repository/org/springframework/spring-core/5.0.6.RELEASE/spring-core-5.0.6.RELEASE.jar:/home/dariusz/.m2/repository/org/springframework/spring-jcl/5.0.6.RELEASE/spring-jcl-5.0.6.RELEASE.jar:/home/dariusz/.m2/repository/org/springframework/spring-test/5.0.6.RELEASE/spring-test-5.0.6.RELEASE.jar:/home/dariusz/.m2/repository/org/xmlunit/xmlunit-core/2.5.1/xmlunit-core-2.5.1.jar:"/>
    <property name="java.vm.vendor" value="Oracle Corporation"/>
    <property name="sun.arch.data.model" value="64"/>
    <property name="java.vendor.url" value="http://java.oracle.com/"/>
    <property name="user.timezone" value=""/>
    <property name="java.vm.specification.version" value="1.8"/>
    <property name="os.name" value="Linux"/>
    <property name="user.country" value="US"/>
    <property name="sun.java.launcher" value="SUN_STANDARD"/>
    <property name="sun.boot.library.path" value="/usr/lib/jvm/java-8-oracle/jre/lib/amd64"/>
    <property name="sun.java.command" value="/home/dariusz/Projekty/java/gs-uploading-files/complete/target/surefire/surefirebooter1357325494653571302.jar /home/dariusz/Projekty/java/gs-uploading-files/complete/target/surefire 2018-05-29T16-13-06_634-jvmRun1 surefire5950521838131780646tmp surefire_04996193873013731681tmp"/>
    <property name="surefire.test.class.path" value="/home/dariusz/Projekty/java/gs-uploading-files/complete/target/test-classes:/home/dariusz/Projekty/java/gs-uploading-files/complete/target/classes:/home/dariusz/.m2/repository/org/springframework/boot/spring-boot-starter-web/2.0.2.RELEASE/spring-boot-starter-web-2.0.2.RELEASE.jar:/home/dariusz/.m2/repository/org/springframework/boot/spring-boot-starter/2.0.2.RELEASE/spring-boot-starter-2.0.2.RELEASE.jar:/home/dariusz/.m2/repository/org/springframework/boot/spring-boot/2.0.2.RELEASE/spring-boot-2.0.2.RELEASE.jar:/home/dariusz/.m2/repository/org/springframework/boot/spring-boot-autoconfigure/2.0.2.RELEASE/spring-boot-autoconfigure-2.0.2.RELEASE.jar:/home/dariusz/.m2/repository/org/springframework/boot/spring-boot-starter-logging/2.0.2.RELEASE/spring-boot-starter-logging-2.0.2.RELEASE.jar:/home/dariusz/.m2/repository/ch/qos/logback/logback-classic/1.2.3/logback-classic-1.2.3.jar:/home/dariusz/.m2/repository/ch/qos/logback/logback-core/1.2.3/logback-core-1.2.3.jar:/home/dariusz/.m2/repository/org/apache/logging/log4j/log4j-to-slf4j/2.10.0/log4j-to-slf4j-2.10.0.jar:/home/dariusz/.m2/repository/org/apache/logging/log4j/log4j-api/2.10.0/log4j-api-2.10.0.jar:/home/dariusz/.m2/repository/org/slf4j/jul-to-slf4j/1.7.25/jul-to-slf4j-1.7.25.jar:/home/dariusz/.m2/repository/javax/annotation/javax.annotation-api/1.3.2/javax.annotation-api-1.3.2.jar:/home/dariusz/.m2/repository/org/yaml/snakeyaml/1.19/snakeyaml-1.19.jar:/home/dariusz/.m2/repository/org/springframework/boot/spring-boot-starter-json/2.0.2.RELEASE/spring-boot-starter-json-2.0.2.RELEASE.jar:/home/dariusz/.m2/repository/com/fasterxml/jackson/core/jackson-databind/2.9.5/jackson-databind-2.9.5.jar:/home/dariusz/.m2/repository/com/fasterxml/jackson/core/jackson-annotations/2.9.0/jackson-annotations-2.9.0.jar:/home/dariusz/.m2/repository/com/fasterxml/jackson/core/jackson-core/2.9.5/jackson-core-2.9.5.jar:/home/dariusz/.m2/repository/com/fasterxml/jackson/datatype/jackson-datatype-jdk8/2.9.5/jackson-datatype-jdk8-2.9.5.jar:/home/dariusz/.m2/repository/com/fasterxml/jackson/datatype/jackson-datatype-jsr310/2.9.5/jackson-datatype-jsr310-2.9.5.jar:/home/dariusz/.m2/repository/com/fasterxml/jackson/module/jackson-module-parameter-names/2.9.5/jackson-module-parameter-names-2.9.5.jar:/home/dariusz/.m2/repository/org/springframework/boot/spring-boot-starter-tomcat/2.0.2.RELEASE/spring-boot-starter-tomcat-2.0.2.RELEASE.jar:/home/dariusz/.m2/repository/org/apache/tomcat/embed/tomcat-embed-core/8.5.31/tomcat-embed-core-8.5.31.jar:/home/dariusz/.m2/repository/org/apache/tomcat/embed/tomcat-embed-el/8.5.31/tomcat-embed-el-8.5.31.jar:/home/dariusz/.m2/repository/org/apache/tomcat/embed/tomcat-embed-websocket/8.5.31/tomcat-embed-websocket-8.5.31.jar:/home/dariusz/.m2/repository/org/hibernate/validator/hibernate-validator/6.0.9.Final/hibernate-validator-6.0.9.Final.jar:/home/dariusz/.m2/repository/javax/validation/validation-api/2.0.1.Final/validation-api-2.0.1.Final.jar:/home/dariusz/.m2/repository/org/jboss/logging/jboss-logging/3.3.2.Final/jboss-logging-3.3.2.Final.jar:/home/dariusz/.m2/repository/com/fasterxml/classmate/1.3.4/classmate-1.3.4.jar:/home/dariusz/.m2/repository/org/springframework/spring-web/5.0.6.RELEASE/spring-web-5.0.6.RELEASE.jar:/home/dariusz/.m2/repository/org/springframework/spring-beans/5.0.6.RELEASE/spring-beans-5.0.6.RELEASE.jar:/home/dariusz/.m2/repository/org/springframework/spring-webmvc/5.0.6.RELEASE/spring-webmvc-5.0.6.RELEASE.jar:/home/dariusz/.m2/repository/org/springframework/spring-aop/5.0.6.RELEASE/spring-aop-5.0.6.RELEASE.jar:/home/dariusz/.m2/repository/org/springframework/spring-context/5.0.6.RELEASE/spring-context-5.0.6.RELEASE.jar:/home/dariusz/.m2/repository/org/springframework/spring-expression/5.0.6.RELEASE/spring-expression-5.0.6.RELEASE.jar:/home/dariusz/.m2/repository/org/springframework/boot/spring-boot-starter-thymeleaf/2.0.2.RELEASE/spring-boot-starter-thymeleaf-2.0.2.RELEASE.jar:/home/dariusz/.m2/repository/org/thymeleaf/thymeleaf-spring5/3.0.9.RELEASE/thymeleaf-spring5-3.0.9.RELEASE.jar:/home/dariusz/.m2/repository/org/thymeleaf/thymeleaf/3.0.9.RELEASE/thymeleaf-3.0.9.RELEASE.jar:/home/dariusz/.m2/repository/org/attoparser/attoparser/2.0.4.RELEASE/attoparser-2.0.4.RELEASE.jar:/home/dariusz/.m2/repository/org/unbescape/unbescape/1.1.5.RELEASE/unbescape-1.1.5.RELEASE.jar:/home/dariusz/.m2/repository/org/slf4j/slf4j-api/1.7.25/slf4j-api-1.7.25.jar:/home/dariusz/.m2/repository/org/thymeleaf/extras/thymeleaf-extras-java8time/3.0.1.RELEASE/thymeleaf-extras-java8time-3.0.1.RELEASE.jar:/home/dariusz/.m2/repository/org/apache/tika/tika-core/1.10/tika-core-1.10.jar:/home/dariusz/.m2/repository/org/apache/tika/tika-parsers/1.10/tika-parsers-1.10.jar:/home/dariusz/.m2/repository/org/gagravarr/vorbis-java-tika/0.6/vorbis-java-tika-0.6.jar:/home/dariusz/.m2/repository/com/healthmarketscience/jackcess/jackcess/2.1.2/jackcess-2.1.2.jar:/home/dariusz/.m2/repository/commons-lang/commons-lang/2.6/commons-lang-2.6.jar:/home/dariusz/.m2/repository/commons-logging/commons-logging/1.1.3/commons-logging-1.1.3.jar:/home/dariusz/.m2/repository/com/healthmarketscience/jackcess/jackcess-encrypt/2.1.0/jackcess-encrypt-2.1.0.jar:/home/dariusz/.m2/repository/net/sourceforge/jmatio/jmatio/1.0/jmatio-1.0.jar:/home/dariusz/.m2/repository/org/apache/james/apache-mime4j-core/0.7.2/apache-mime4j-core-0.7.2.jar:/home/dariusz/.m2/repository/org/apache/james/apache-mime4j-dom/0.7.2/apache-mime4j-dom-0.7.2.jar:/home/dariusz/.m2/repository/org/apache/commons/commons-compress/1.9/commons-compress-1.9.jar:/home/dariusz/.m2/repository/org/tukaani/xz/1.5/xz-1.5.jar:/home/dariusz/.m2/repository/commons-codec/commons-codec/1.11/commons-codec-1.11.jar:/home/dariusz/.m2/repository/org/apache/pdfbox/pdfbox/1.8.10/pdfbox-1.8.10.jar:/home/dariusz/.m2/repository/org/apache/pdfbox/fontbox/1.8.10/fontbox-1.8.10.jar:/home/dariusz/.m2/repository/org/apache/pdfbox/jempbox/1.8.10/jempbox-1.8.10.jar:/home/dariusz/.m2/repository/org/bouncycastle/bcmail-jdk15on/1.52/bcmail-jdk15on-1.52.jar:/home/dariusz/.m2/repository/org/bouncycastle/bcpkix-jdk15on/1.52/bcpkix-jdk15on-1.52.jar:/home/dariusz/.m2/repository/org/bouncycastle/bcprov-jdk15on/1.52/bcprov-jdk15on-1.52.jar:/home/dariusz/.m2/repository/org/apache/poi/poi/3.13-beta1/poi-3.13-beta1.jar:/home/dariusz/.m2/repository/org/apache/poi/poi-scratchpad/3.13-beta1/poi-scratchpad-3.13-beta1.jar:/home/dariusz/.m2/repository/org/apache/poi/poi-ooxml/3.13-beta1/poi-ooxml-3.13-beta1.jar:/home/dariusz/.m2/repository/org/apache/poi/poi-ooxml-schemas/3.13-beta1/poi-ooxml-schemas-3.13-beta1.jar:/home/dariusz/.m2/repository/org/apache/xmlbeans/xmlbeans/2.6.0/xmlbeans-2.6.0.jar:/home/dariusz/.m2/repository/org/ccil/cowan/tagsoup/tagsoup/1.2.1/tagsoup-1.2.1.jar:/home/dariusz/.m2/repository/org/ow2/asm/asm-debug-all/4.1/asm-debug-all-4.1.jar:/home/dariusz/.m2/repository/com/googlecode/mp4parser/isoparser/1.0.2/isoparser-1.0.2.jar:/home/dariusz/.m2/repository/org/aspectj/aspectjrt/1.8.13/aspectjrt-1.8.13.jar:/home/dariusz/.m2/repository/com/drewnoakes/metadata-extractor/2.8.0/metadata-extractor-2.8.0.jar:/home/dariusz/.m2/repository/com/adobe/xmp/xmpcore/5.1.2/xmpcore-5.1.2.jar:/home/dariusz/.m2/repository/de/l3s/boilerpipe/boilerpipe/1.1.0/boilerpipe-1.1.0.jar:/home/dariusz/.m2/repository/rome/rome/1.0/rome-1.0.jar:/home/dariusz/.m2/repository/jdom/jdom/1.0/jdom-1.0.jar:/home/dariusz/.m2/repository/org/gagravarr/vorbis-java-core/0.6/vorbis-java-core-0.6.jar:/home/dariusz/.m2/repository/com/googlecode/juniversalchardet/juniversalchardet/1.0.3/juniversalchardet-1.0.3.jar:/home/dariusz/.m2/repository/org/codelibs/jhighlight/1.0.2/jhighlight-1.0.2.jar:/home/dariusz/.m2/repository/com/pff/java-libpst/0.8.1/java-libpst-0.8.1.jar:/home/dariusz/.m2/repository/com/github/junrar/junrar/0.7/junrar-0.7.jar:/home/dariusz/.m2/repository/commons-logging/commons-logging-api/1.1/commons-logging-api-1.1.jar:/home/dariusz/.m2/repository/org/apache/commons/commons-vfs2/2.0/commons-vfs2-2.0.jar:/home/dariusz/.m2/repository/org/apache/maven/scm/maven-scm-api/1.4/maven-scm-api-1.4.jar:/home/dariusz/.m2/repository/org/codehaus/plexus/plexus-utils/1.5.6/plexus-utils-1.5.6.jar:/home/dariusz/.m2/repository/org/apache/maven/scm/maven-scm-provider-svnexe/1.4/maven-scm-provider-svnexe-1.4.jar:/home/dariusz/.m2/repository/org/apache/maven/scm/maven-scm-provider-svn-commons/1.4/maven-scm-provider-svn-commons-1.4.jar:/home/dariusz/.m2/repository/regexp/regexp/1.3/regexp-1.3.jar:/home/dariusz/.m2/repository/org/apache/opennlp/opennlp-tools/1.5.3/opennlp-tools-1.5.3.jar:/home/dariusz/.m2/repository/org/apache/opennlp/opennlp-maxent/3.0.3/opennlp-maxent-3.0.3.jar:/home/dariusz/.m2/repository/net/sf/jwordnet/jwnl/1.3.3/jwnl-1.3.3.jar:/home/dariusz/.m2/repository/commons-io/commons-io/2.4/commons-io-2.4.jar:/home/dariusz/.m2/repository/org/apache/commons/commons-exec/1.3/commons-exec-1.3.jar:/home/dariusz/.m2/repository/com/googlecode/json-simple/json-simple/1.1.1/json-simple-1.1.1.jar:/home/dariusz/.m2/repository/edu/ucar/netcdf4/4.5.5/netcdf4-4.5.5.jar:/home/dariusz/.m2/repository/net/jcip/jcip-annotations/1.0/jcip-annotations-1.0.jar:/home/dariusz/.m2/repository/net/java/dev/jna/jna/4.5.1/jna-4.5.1.jar:/home/dariusz/.m2/repository/edu/ucar/grib/4.5.5/grib-4.5.5.jar:/home/dariusz/.m2/repository/com/google/protobuf/protobuf-java/2.5.0/protobuf-java-2.5.0.jar:/home/dariusz/.m2/repository/org/jdom/jdom2/2.0.6/jdom2-2.0.6.jar:/home/dariusz/.m2/repository/org/jsoup/jsoup/1.7.2/jsoup-1.7.2.jar:/home/dariusz/.m2/repository/edu/ucar/jj2000/5.2/jj2000-5.2.jar:/home/dariusz/.m2/repository/org/itadaki/bzip2/0.9.1/bzip2-0.9.1.jar:/home/dariusz/.m2/repository/edu/ucar/cdm/4.5.5/cdm-4.5.5.jar:/home/dariusz/.m2/repository/edu/ucar/udunits/4.5.5/udunits-4.5.5.jar:/home/dariusz/.m2/repository/org/apache/httpcomponents/httpcore/4.4.9/httpcore-4.4.9.jar:/home/dariusz/.m2/repository/joda-time/joda-time/2.9.9/joda-time-2.9.9.jar:/home/dariusz/.m2/repository/org/quartz-scheduler/quartz/2.3.0/quartz-2.3.0.jar:/home/dariusz/.m2/repository/com/mchange/mchange-commons-java/0.2.11/mchange-commons-java-0.2.11.jar:/home/dariusz/.m2/repository/net/sf/ehcache/ehcache-core/2.6.2/ehcache-core-2.6.2.jar:/home/dariusz/.m2/repository/com/beust/jcommander/1.35/jcommander-1.35.jar:/home/dariusz/.m2/repository/edu/ucar/httpservices/4.5.5/httpservices-4.5.5.jar:/home/dariusz/.m2/repository/org/apache/httpcomponents/httpclient/4.5.5/httpclient-4.5.5.jar:/home/dariusz/.m2/repository/org/apache/httpcomponents/httpmime/4.5.5/httpmime-4.5.5.jar:/home/dariusz/.m2/repository/com/google/guava/guava/11.0.2/guava-11.0.2.jar:/home/dariusz/.m2/repository/com/google/code/findbugs/jsr305/1.3.9/jsr305-1.3.9.jar:/home/dariusz/.m2/repository/org/apache/commons/commons-csv/1.0/commons-csv-1.0.jar:/home/dariusz/.m2/repository/org/apache/sis/core/sis-utility/0.5/sis-utility-0.5.jar:/home/dariusz/.m2/repository/org/apache/sis/storage/sis-netcdf/0.5/sis-netcdf-0.5.jar:/home/dariusz/.m2/repository/org/apache/sis/storage/sis-storage/0.5/sis-storage-0.5.jar:/home/dariusz/.m2/repository/org/apache/sis/core/sis-referencing/0.5/sis-referencing-0.5.jar:/home/dariusz/.m2/repository/org/apache/sis/core/sis-metadata/0.5/sis-metadata-0.5.jar:/home/dariusz/.m2/repository/org/opengis/geoapi/3.0.0/geoapi-3.0.0.jar:/home/dariusz/.m2/repository/javax/measure/jsr-275/0.9.3/jsr-275-0.9.3.jar:/home/dariusz/.m2/repository/org/springframework/boot/spring-boot-starter-data-jpa/2.0.2.RELEASE/spring-boot-starter-data-jpa-2.0.2.RELEASE.jar:/home/dariusz/.m2/repository/org/springframework/boot/spring-boot-starter-aop/2.0.2.RELEASE/spring-boot-starter-aop-2.0.2.RELEASE.jar:/home/dariusz/.m2/repository/org/aspectj/aspectjweaver/1.8.13/aspectjweaver-1.8.13.jar:/home/dariusz/.m2/repository/org/springframework/boot/spring-boot-starter-jdbc/2.0.2.RELEASE/spring-boot-starter-jdbc-2.0.2.RELEASE.jar:/home/dariusz/.m2/repository/com/zaxxer/HikariCP/2.7.9/HikariCP-2.7.9.jar:/home/dariusz/.m2/repository/org/springframework/spring-jdbc/5.0.6.RELEASE/spring-jdbc-5.0.6.RELEASE.jar:/home/dariusz/.m2/repository/org/hibernate/hibernate-core/5.2.17.Final/hibernate-core-5.2.17.Final.jar:/home/dariusz/.m2/repository/org/hibernate/javax/persistence/hibernate-jpa-2.1-api/1.0.0.Final/hibernate-jpa-2.1-api-1.0.0.Final.jar:/home/dariusz/.m2/repository/org/javassist/javassist/3.22.0-GA/javassist-3.22.0-GA.jar:/home/dariusz/.m2/repository/antlr/antlr/2.7.7/antlr-2.7.7.jar:/home/dariusz/.m2/repository/org/jboss/jandex/2.0.3.Final/jandex-2.0.3.Final.jar:/home/dariusz/.m2/repository/dom4j/dom4j/1.6.1/dom4j-1.6.1.jar:/home/dariusz/.m2/repository/org/hibernate/common/hibernate-commons-annotations/5.0.1.Final/hibernate-commons-annotations-5.0.1.Final.jar:/home/dariusz/.m2/repository/javax/transaction/javax.transaction-api/1.2/javax.transaction-api-1.2.jar:/home/dariusz/.m2/repository/org/springframework/data/spring-data-jpa/2.0.7.RELEASE/spring-data-jpa-2.0.7.RELEASE.jar:/home/dariusz/.m2/repository/org/springframework/data/spring-data-commons/2.0.7.RELEASE/spring-data-commons-2.0.7.RELEASE.jar:/home/dariusz/.m2/repository/org/springframework/spring-orm/5.0.6.RELEASE/spring-orm-5.0.6.RELEASE.jar:/home/dariusz/.m2/repository/org/springframework/spring-tx/5.0.6.RELEASE/spring-tx-5.0.6.RELEASE.jar:/home/dariusz/.m2/repository/org/springframework/spring-aspects/5.0.6.RELEASE/spring-aspects-5.0.6.RELEASE.jar:/home/dariusz/.m2/repository/mysql/mysql-connector-java/5.1.46/mysql-connector-java-5.1.46.jar:/home/dariusz/.m2/repository/org/springframework/boot/spring-boot-starter-test/2.0.2.RELEASE/spring-boot-starter-test-2.0.2.RELEASE.jar:/home/dariusz/.m2/repository/org/springframework/boot/spring-boot-test/2.0.2.RELEASE/spring-boot-test-2.0.2.RELEASE.jar:/home/dariusz/.m2/repository/org/springframework/boot/spring-boot-test-autoconfigure/2.0.2.RELEASE/spring-boot-test-autoconfigure-2.0.2.RELEASE.jar:/home/dariusz/.m2/repository/com/jayway/jsonpath/json-path/2.4.0/json-path-2.4.0.jar:/home/dariusz/.m2/repository/net/minidev/json-smart/2.3/json-smart-2.3.jar:/home/dariusz/.m2/repository/net/minidev/accessors-smart/1.2/accessors-smart-1.2.jar:/home/dariusz/.m2/repository/org/ow2/asm/asm/5.0.4/asm-5.0.4.jar:/home/dariusz/.m2/repository/junit/junit/4.12/junit-4.12.jar:/home/dariusz/.m2/repository/org/assertj/assertj-core/3.9.1/assertj-core-3.9.1.jar:/home/dariusz/.m2/repository/org/mockito/mockito-core/2.15.0/mockito-core-2.15.0.jar:/home/dariusz/.m2/repository/net/bytebuddy/byte-buddy/1.7.11/byte-buddy-1.7.11.jar:/home/dariusz/.m2/repository/net/bytebuddy/byte-buddy-agent/1.7.11/byte-buddy-agent-1.7.11.jar:/home/dariusz/.m2/repository/org/objenesis/objenesis/2.6/objenesis-2.6.jar:/home/dariusz/.m2/repository/org/hamcrest/hamcrest-core/1.3/hamcrest-core-1.3.jar:/home/dariusz/.m2/repository/org/hamcrest/hamcrest-library/1.3/hamcrest-library-1.3.jar:/home/dariusz/.m2/repository/org/skyscreamer/jsonassert/1.5.0/jsonassert-1.5.0.jar:/home/dariusz/.m2/repository/com/vaadin/external/google/android-json/0.0.20131108.vaadin1/android-json-0.0.20131108.vaadin1.jar:/home/dariusz/.m2/repository/org/springframework/spring-core/5.0.6.RELEASE/spring-core-5.0.6.RELEASE.jar:/home/dariusz/.m2/repository/org/springframework/spring-jcl/5.0.6.RELEASE/spring-jcl-5.0.6.RELEASE.jar:/home/dariusz/.m2/repository/org/springframework/spring-test/5.0.6.RELEASE/spring-test-5.0.6.RELEASE.jar:/home/dariusz/.m2/repository/org/xmlunit/xmlunit-core/2.5.1/xmlunit-core-2.5.1.jar:"/>
    <property name="sun.cpu.endian" value="little"/>
    <property name="user.home" value="/home/dariusz"/>
    <property name="user.language" value="en"/>
    <property name="java.specification.vendor" value="Oracle Corporation"/>
    <property name="java.home" value="/usr/lib/jvm/java-8-oracle/jre"/>
    <property name="basedir" value="/home/dariusz/Projekty/java/gs-uploading-files/complete"/>
    <property name="file.separator" value="/"/>
    <property name="line.separator" value="&#10;"/>
    <property name="java.vm.specification.vendor" value="Oracle Corporation"/>
    <property name="java.specification.name" value="Java Platform API Specification"/>
    <property name="java.awt.graphicsenv" value="sun.awt.X11GraphicsEnvironment"/>
    <property name="surefire.real.class.path" value="/home/dariusz/Projekty/java/gs-uploading-files/complete/target/surefire/surefirebooter1357325494653571302.jar"/>
    <property name="sun.boot.class.path" value="/usr/lib/jvm/java-8-oracle/jre/lib/resources.jar:/usr/lib/jvm/java-8-oracle/jre/lib/rt.jar:/usr/lib/jvm/java-8-oracle/jre/lib/sunrsasign.jar:/usr/lib/jvm/java-8-oracle/jre/lib/jsse.jar:/usr/lib/jvm/java-8-oracle/jre/lib/jce.jar:/usr/lib/jvm/java-8-oracle/jre/lib/charsets.jar:/usr/lib/jvm/java-8-oracle/jre/lib/jfr.jar:/usr/lib/jvm/java-8-oracle/jre/classes"/>
    <property name="sun.management.compiler" value="HotSpot 64-Bit Tiered Compilers"/>
    <property name="java.runtime.version" value="1.8.0_161-b12"/>
    <property name="user.name" value="dariusz"/>
    <property name="path.separator" value=":"/>
    <property name="os.version" value="4.4.0-21-generic"/>
    <property name="java.endorsed.dirs" value="/usr/lib/jvm/java-8-oracle/jre/lib/endorsed"/>
    <property name="java.runtime.name" value="Java(TM) SE Runtime Environment"/>
    <property name="file.encoding" value="UTF-8"/>
    <property name="java.vm.name" value="Java HotSpot(TM) 64-Bit Server VM"/>
    <property name="localRepository" value="/home/dariusz/.m2/repository"/>
    <property name="java.vendor.url.bug" value="http://bugreport.sun.com/bugreport/"/>
    <property name="java.io.tmpdir" value="/tmp"/>
    <property name="java.version" value="1.8.0_161"/>
    <property name="user.dir" value="/home/dariusz/Projekty/java/gs-uploading-files/complete"/>
    <property name="os.arch" value="amd64"/>
    <property name="java.vm.specification.name" value="Java Virtual Machine Specification"/>
    <property name="java.awt.printerjob" value="sun.print.PSPrinterJob"/>
    <property name="sun.os.patch.level" value="unknown"/>
    <property name="java.library.path" value="/usr/java/packages/lib/amd64:/usr/lib64:/lib64:/lib:/usr/lib"/>
    <property name="java.vm.info" value="mixed mode"/>
    <property name="java.vendor" value="Oracle Corporation"/>
    <property name="java.vm.version" value="25.161-b12"/>
    <property name="java.ext.dirs" value="/usr/lib/jvm/java-8-oracle/jre/lib/ext:/usr/java/packages/lib/ext"/>
    <property name="sun.io.unicode.encoding" value="UnicodeLittle"/>
    <property name="java.class.version" value="52.0"/>
  </properties>
  <testcase name="savePermitted" classname="hello.storage.FileSystemStorageServiceTests" time="0"/>
  <testcase name="loadNonExistent" classname="hello.storage.FileSystemStorageServiceTests" time="0.005"/>
  <testcase name="saveNotPermitted" classname="hello.storage.FileSystemStorageServiceTests" time="0"/>
  <testcase name="saveAndLoad" classname="hello.storage.FileSystemStorageServiceTests" time="0"/>
</testsuite>